2020-01-30 13:30:07 Error: Media Type not supported.
2020-01-30 13:45:31 Error: One or more column(s) missing in sheet.
2020-02-06 23:15:54 Error: There were some error(s) that occurred.
1) An error has occurred at line (2) of the document
[
	Name =>
		 _required: This field is requiredDescription =>
		 _required: This field is required
]

2020-02-07 10:17:50 Error: Unknown finder method "SELECT ProjectDetails.id AS `ProjectDetails__id`, ProjectDetails.name AS `ProjectDetails__name`, ProjectDetails.description AS `ProjectDetails__description`, ProjectDetails.location AS `ProjectDetails__location`, ProjectDetails.vendor_id AS `ProjectDetails__vendor_id`, ProjectDetails.manager_id AS `ProjectDetails__manager_id`, ProjectDetails.sponsor_id AS `ProjectDetails__sponsor_id`, ProjectDetails.waiting_since AS `ProjectDetails__waiting_since`, ProjectDetails.waiting_on_id AS `ProjectDetails__waiting_on_id`, ProjectDetails.status_id AS `ProjectDetails__status_id`, ProjectDetails.sub_status_id AS `ProjectDetails__sub_status_id`, ProjectDetails.priority_id AS `ProjectDetails__priority_id`, ProjectDetails.start_dt AS `ProjectDetails__start_dt`, ProjectDetails.end_dt AS `ProjectDetails__end_dt`, ProjectDetails.created AS `ProjectDetails__created`, ProjectDetails.last_updated AS `ProjectDetails__last_updated`, ProjectDetails.system_user_id AS `ProjectDetails__system_user_id` FROM project_details ProjectDetails"
2020-02-07 10:18:01 Error: Unknown finder method "SELECT ProjectDetails.id AS `ProjectDetails__id`, ProjectDetails.name AS `ProjectDetails__name`, ProjectDetails.description AS `ProjectDetails__description`, ProjectDetails.location AS `ProjectDetails__location`, ProjectDetails.vendor_id AS `ProjectDetails__vendor_id`, ProjectDetails.manager_id AS `ProjectDetails__manager_id`, ProjectDetails.sponsor_id AS `ProjectDetails__sponsor_id`, ProjectDetails.waiting_since AS `ProjectDetails__waiting_since`, ProjectDetails.waiting_on_id AS `ProjectDetails__waiting_on_id`, ProjectDetails.status_id AS `ProjectDetails__status_id`, ProjectDetails.sub_status_id AS `ProjectDetails__sub_status_id`, ProjectDetails.priority_id AS `ProjectDetails__priority_id`, ProjectDetails.start_dt AS `ProjectDetails__start_dt`, ProjectDetails.end_dt AS `ProjectDetails__end_dt`, ProjectDetails.created AS `ProjectDetails__created`, ProjectDetails.last_updated AS `ProjectDetails__last_updated`, ProjectDetails.system_user_id AS `ProjectDetails__system_user_id` FROM project_details ProjectDetails"
2020-02-07 10:19:57 Error: There were some error(s) that occurred.
1) An error has occurred at line () of the document
[
	
]

2020-02-07 10:21:40 Error: There were some error(s) that occurred.
1) An error has occurred at line () of the document
[
	
]

2020-02-07 10:22:53 Error: There were some error(s) that occurred.
1) An error has occurred at line () of the document
[
	
]

2020-02-07 10:39:13 Error: SQLSTATE[42S22]: Column not found: 1054 Unknown column 'lov_value' in 'where clause'
2020-02-07 10:41:17 Error: SQLSTATE[42S22]: Column not found: 1054 Unknown column 'full_name' in 'where clause'
2020-02-07 10:41:33 Error: SQLSTATE[42S22]: Column not found: 1054 Unknown column 'full_name' in 'where clause'
2020-02-07 10:42:16 Error: SQLSTATE[42S22]: Column not found: 1054 Unknown column 'full_name' in 'where clause'
2020-02-07 10:43:36 Error: SQLSTATE[42S22]: Column not found: 1054 Unknown column 'full_name' in 'where clause'
2020-02-07 10:45:41 Error: SQLSTATE[42S22]: Column not found: 1054 Unknown column 'full_name' in 'where clause'
2020-02-07 10:46:38 Error: SQLSTATE[42S22]: Column not found: 1054 Unknown column 'full_name' in 'where clause'
2020-02-07 11:06:44 Error: SQLSTATE[42000]: Syntax error or access violation: 1064 You have an error in your SQL syntax; check the manual that corresponds to your MySQL server version for the right syntax to use near ''Uche Umeevuruo' LIMIT 1' at line 1
2020-02-07 11:10:52 Error: SQLSTATE[42S22]: Column not found: 1054 Unknown column 'first_nam' in 'where clause'
2020-02-07 12:15:42 Error: There were some error(s) that occurred.
1) An error has occurred at line () of the document
[
	name =>
		 _required: This field is required
]

2020-02-07 12:18:28 Error: SQLSTATE[HY000]: General error: 1364 Field 'priority_id' doesn't have a default value
2020-02-07 12:18:42 Error: SQLSTATE[HY000]: General error: 1364 Field 'priority_id' doesn't have a default value
2020-02-07 12:26:54 Error: There were some error(s) that occurred.
1) An error has occurred at line () of the document
[
	name =>
		 _required: This field is required
]

2020-02-07 12:30:20 Error: There were some error(s) that occurred.
1) An error has occurred at line (4) of the document
[
	name =>
		 _required: This field is required
]

2020-02-07 12:34:23 Error: SQLSTATE[HY000]: General error: 1364 Field 'system_user_id' doesn't have a default value
2020-02-07 12:58:17 Error: There were some error(s) that occurred.
1) An error has occurred at line (4) of the document
[
	description =>
		 _required: This field is required
]
2) An error has occurred at line (5) of the document
[
	description =>
		 _required: This field is required
]

2020-03-09 08:34:25 Error: One or more column(s) missing in sheet.
2020-03-09 09:51:46 Error: One or more column(s) missing in sheet.
2020-03-09 10:00:14 Error: One or more column(s) missing in sheet.
2020-03-09 10:19:55 Error: There were some error(s) that occurred.
1) An error has occurred at line (4) of the document
[
	name =>
		 _empty: This field cannot be left emptydescription =>
		 _empty: This field cannot be left empty
]
2) An error has occurred at line (5) of the document
[
	name =>
		 _empty: This field cannot be left emptydescription =>
		 _empty: This field cannot be left empty
]
3) An error has occurred at line (6) of the document
[
	name =>
		 _empty: This field cannot be left emptydescription =>
		 _empty: This field cannot be left empty
]
4) An error has occurred at line (7) of the document
[
	name =>
		 _empty: This field cannot be left emptydescription =>
		 _empty: This field cannot be left empty
]
5) An error has occurred at line (8) of the document
[
	name =>
		 _empty: This field cannot be left emptydescription =>
		 _empty: This field cannot be left empty
]
6) An error has occurred at line (9) of the document
[
	name =>
		 _empty: This field cannot be left emptydescription =>
		 _empty: This field cannot be left empty
]
7) An error has occurred at line (10) of the document
[
	name =>
		 _empty: This field cannot be left emptydescription =>
		 _empty: This field cannot be left empty
]
8) An error has occurred at line (11) of the document
[
	name =>
		 _empty: This field cannot be left emptydescription =>
		 _empty: This field cannot be left empty
]
9) An error has occurred at line (12) of the document
[
	name =>
		 _empty: This field cannot be left emptydescription =>
		 _empty: This field cannot be left empty
]
10) An error has occurred at line (13) of the document
[
	name =>
		 _empty: This field cannot be left emptydescription =>
		 _empty: This field cannot be left empty
]
11) An error has occurred at line (14) of the document
[
	name =>
		 _empty: This field cannot be left emptydescription =>
		 _empty: This field cannot be left empty
]
12) An error has occurred at line (15) of the document
[
	name =>
		 _empty: This field cannot be left emptydescription =>
		 _empty: This field cannot be left empty
]
13) An error has occurred at line (16) of the document
[
	name =>
		 _empty: This field cannot be left emptydescription =>
		 _empty: This field cannot be left empty
]
14) An error has occurred at line (17) of the document
[
	name =>
		 _empty: This field cannot be left emptydescription =>
		 _empty: This field cannot be left empty
]
15) An error has occurred at line (18) of the document
[
	name =>
		 _empty: This field cannot be left emptydescription =>
		 _empty: This field cannot be left empty
]
16) An error has occurred at line (19) of the document
[
	name =>
		 _empty: This field cannot be left emptydescription =>
		 _empty: This field cannot be left empty
]
17) An error has occurred at line (20) of the document
[
	name =>
		 _empty: This field cannot be left emptydescription =>
		 _empty: This field cannot be left empty
]
18) An error has occurred at line (21) of the document
[
	name =>
		 _empty: This field cannot be left emptydescription =>
		 _empty: This field cannot be left empty
]
19) An error has occurred at line (22) of the document
[
	name =>
		 _empty: This field cannot be left emptydescription =>
		 _empty: This field cannot be left empty
]
20) An error has occurred at line (23) of the document
[
	name =>
		 _empty: This field cannot be left emptydescription =>
		 _empty: This field cannot be left empty
]
21) An error has occurred at line (24) of the document
[
	name =>
		 _empty: This field cannot be left emptydescription =>
		 _empty: This field cannot be left empty
]
22) An error has occurred at line (25) of the document
[
	name =>
		 _empty: This field cannot be left emptydescription =>
		 _empty: This field cannot be left empty
]
23) An error has occurred at line (26) of the document
[
	name =>
		 _empty: This field cannot be left emptydescription =>
		 _empty: This field cannot be left empty
]
24) An error has occurred at line (27) of the document
[
	name =>
		 _empty: This field cannot be left emptydescription =>
		 _empty: This field cannot be left empty
]
25) An error has occurred at line (28) of the document
[
	name =>
		 _empty: This field cannot be left emptydescription =>
		 _empty: This field cannot be left empty
]
26) An error has occurred at line (29) of the document
[
	name =>
		 _empty: This field cannot be left emptydescription =>
		 _empty: This field cannot be left empty
]
27) An error has occurred at line (30) of the document
[
	name =>
		 _empty: This field cannot be left emptydescription =>
		 _empty: This field cannot be left empty
]
28) An error has occurred at line (31) of the document
[
	name =>
		 _empty: This field cannot be left emptydescription =>
		 _empty: This field cannot be left empty
]
29) An error has occurred at line (32) of the document
[
	name =>
		 _empty: This field cannot be left emptydescription =>
		 _empty: This field cannot be left empty
]
30) An error has occurred at line (33) of the document
[
	name =>
		 _empty: This field cannot be left emptydescription =>
		 _empty: This field cannot be left empty
]
31) An error has occurred at line (34) of the document
[
	name =>
		 _empty: This field cannot be left emptydescription =>
		 _empty: This field cannot be left empty
]
32) An error has occurred at line (35) of the document
[
	name =>
		 _empty: This field cannot be left emptydescription =>
		 _empty: This field cannot be left empty
]
33) An error has occurred at line (36) of the document
[
	name =>
		 _empty: This field cannot be left emptydescription =>
		 _empty: This field cannot be left empty
]
34) An error has occurred at line (37) of the document
[
	name =>
		 _empty: This field cannot be left emptydescription =>
		 _empty: This field cannot be left empty
]
35) An error has occurred at line (38) of the document
[
	name =>
		 _empty: This field cannot be left emptydescription =>
		 _empty: This field cannot be left empty
]
36) An error has occurred at line (39) of the document
[
	name =>
		 _empty: This field cannot be left emptydescription =>
		 _empty: This field cannot be left empty
]
37) An error has occurred at line (40) of the document
[
	name =>
		 _empty: This field cannot be left emptydescription =>
		 _empty: This field cannot be left empty
]
38) An error has occurred at line (41) of the document
[
	name =>
		 _empty: This field cannot be left emptydescription =>
		 _empty: This field cannot be left empty
]
39) An error has occurred at line (42) of the document
[
	name =>
		 _empty: This field cannot be left emptydescription =>
		 _empty: This field cannot be left empty
]
40) An error has occurred at line (43) of the document
[
	name =>
		 _empty: This field cannot be left emptydescription =>
		 _empty: This field cannot be left empty
]
41) An error has occurred at line (44) of the document
[
	name =>
		 _empty: This field cannot be left emptydescription =>
		 _empty: This field cannot be left empty
]
42) An error has occurred at line (45) of the document
[
	name =>
		 _empty: This field cannot be left emptydescription =>
		 _empty: This field cannot be left empty
]
43) An error has occurred at line (46) of the document
[
	name =>
		 _empty: This field cannot be left emptydescription =>
		 _empty: This field cannot be left empty
]
44) An error has occurred at line (47) of the document
[
	name =>
		 _empty: This field cannot be left emptydescription =>
		 _empty: This field cannot be left empty
]
45) An error has occurred at line (48) of the document
[
	name =>
		 _empty: This field cannot be left emptydescription =>
		 _empty: This field cannot be left empty
]
46) An error has occurred at line (49) of the document
[
	name =>
		 _empty: This field cannot be left emptydescription =>
		 _empty: This field cannot be left empty
]
47) An error has occurred at line (50) of the document
[
	name =>
		 _empty: This field cannot be left emptydescription =>
		 _empty: This field cannot be left empty
]
48) An error has occurred at line (51) of the document
[
	name =>
		 _empty: This field cannot be left emptydescription =>
		 _empty: This field cannot be left empty
]
49) An error has occurred at line (52) of the document
[
	name =>
		 _empty: This field cannot be left emptydescription =>
		 _empty: This field cannot be left empty
]
50) An error has occurred at line (53) of the document
[
	name =>
		 _empty: This field cannot be left emptydescription =>
		 _empty: This field cannot be left empty
]
51) An error has occurred at line (54) of the document
[
	name =>
		 _empty: This field cannot be left emptydescription =>
		 _empty: This field cannot be left empty
]
52) An error has occurred at line (55) of the document
[
	name =>
		 _empty: This field cannot be left emptydescription =>
		 _empty: This field cannot be left empty
]
53) An error has occurred at line (56) of the document
[
	name =>
		 _empty: This field cannot be left emptydescription =>
		 _empty: This field cannot be left empty
]
54) An error has occurred at line (57) of the document
[
	name =>
		 _empty: This field cannot be left emptydescription =>
		 _empty: This field cannot be left empty
]
55) An error has occurred at line (58) of the document
[
	name =>
		 _empty: This field cannot be left emptydescription =>
		 _empty: This field cannot be left empty
]
56) An error has occurred at line (59) of the document
[
	name =>
		 _empty: This field cannot be left emptydescription =>
		 _empty: This field cannot be left empty
]
57) An error has occurred at line (60) of the document
[
	name =>
		 _empty: This field cannot be left emptydescription =>
		 _empty: This field cannot be left empty
]
58) An error has occurred at line (61) of the document
[
	name =>
		 _empty: This field cannot be left emptydescription =>
		 _empty: This field cannot be left empty
]
59) An error has occurred at line (62) of the document
[
	name =>
		 _empty: This field cannot be left emptydescription =>
		 _empty: This field cannot be left empty
]
60) An error has occurred at line (63) of the document
[
	name =>
		 _empty: This field cannot be left emptydescription =>
		 _empty: This field cannot be left empty
]
61) An error has occurred at line (64) of the document
[
	name =>
		 _empty: This field cannot be left emptydescription =>
		 _empty: This field cannot be left empty
]
62) An error has occurred at line (65) of the document
[
	name =>
		 _empty: This field cannot be left emptydescription =>
		 _empty: This field cannot be left empty
]
63) An error has occurred at line (66) of the document
[
	name =>
		 _empty: This field cannot be left emptydescription =>
		 _empty: This field cannot be left empty
]
64) An error has occurred at line (67) of the document
[
	name =>
		 _empty: This field cannot be left emptydescription =>
		 _empty: This field cannot be left empty
]
65) An error has occurred at line (68) of the document
[
	name =>
		 _empty: This field cannot be left emptydescription =>
		 _empty: This field cannot be left empty
]
66) An error has occurred at line (69) of the document
[
	name =>
		 _empty: This field cannot be left emptydescription =>
		 _empty: This field cannot be left empty
]
67) An error has occurred at line (70) of the document
[
	name =>
		 _empty: This field cannot be left emptydescription =>
		 _empty: This field cannot be left empty
]
68) An error has occurred at line (71) of the document
[
	name =>
		 _empty: This field cannot be left emptydescription =>
		 _empty: This field cannot be left empty
]
69) An error has occurred at line (72) of the document
[
	name =>
		 _empty: This field cannot be left emptydescription =>
		 _empty: This field cannot be left empty
]
70) An error has occurred at line (73) of the document
[
	name =>
		 _empty: This field cannot be left emptydescription =>
		 _empty: This field cannot be left empty
]
71) An error has occurred at line (74) of the document
[
	name =>
		 _empty: This field cannot be left emptydescription =>
		 _empty: This field cannot be left empty
]
72) An error has occurred at line (75) of the document
[
	name =>
		 _empty: This field cannot be left emptydescription =>
		 _empty: This field cannot be left empty
]
73) An error has occurred at line (76) of the document
[
	name =>
		 _empty: This field cannot be left emptydescription =>
		 _empty: This field cannot be left empty
]
74) An error has occurred at line (77) of the document
[
	name =>
		 _empty: This field cannot be left emptydescription =>
		 _empty: This field cannot be left empty
]
75) An error has occurred at line (78) of the document
[
	name =>
		 _empty: This field cannot be left emptydescription =>
		 _empty: This field cannot be left empty
]
76) An error has occurred at line (79) of the document
[
	name =>
		 _empty: This field cannot be left emptydescription =>
		 _empty: This field cannot be left empty
]
77) An error has occurred at line (80) of the document
[
	name =>
		 _empty: This field cannot be left emptydescription =>
		 _empty: This field cannot be left empty
]
78) An error has occurred at line (81) of the document
[
	name =>
		 _empty: This field cannot be left emptydescription =>
		 _empty: This field cannot be left empty
]
79) An error has occurred at line (82) of the document
[
	name =>
		 _empty: This field cannot be left emptydescription =>
		 _empty: This field cannot be left empty
]
80) An error has occurred at line (83) of the document
[
	name =>
		 _empty: This field cannot be left emptydescription =>
		 _empty: This field cannot be left empty
]
81) An error has occurred at line (84) of the document
[
	name =>
		 _empty: This field cannot be left emptydescription =>
		 _empty: This field cannot be left empty
]
82) An error has occurred at line (85) of the document
[
	name =>
		 _empty: This field cannot be left emptydescription =>
		 _empty: This field cannot be left empty
]
83) An error has occurred at line (86) of the document
[
	name =>
		 _empty: This field cannot be left emptydescription =>
		 _empty: This field cannot be left empty
]
84) An error has occurred at line (87) of the document
[
	name =>
		 _empty: This field cannot be left emptydescription =>
		 _empty: This field cannot be left empty
]
85) An error has occurred at line (88) of the document
[
	name =>
		 _empty: This field cannot be left emptydescription =>
		 _empty: This field cannot be left empty
]
86) An error has occurred at line (89) of the document
[
	name =>
		 _empty: This field cannot be left emptydescription =>
		 _empty: This field cannot be left empty
]
87) An error has occurred at line (90) of the document
[
	name =>
		 _empty: This field cannot be left emptydescription =>
		 _empty: This field cannot be left empty
]
88) An error has occurred at line (91) of the document
[
	name =>
		 _empty: This field cannot be left emptydescription =>
		 _empty: This field cannot be left empty
]
89) An error has occurred at line (92) of the document
[
	name =>
		 _empty: This field cannot be left emptydescription =>
		 _empty: This field cannot be left empty
]
90) An error has occurred at line (93) of the document
[
	name =>
		 _empty: This field cannot be left emptydescription =>
		 _empty: This field cannot be left empty
]
91) An error has occurred at line (94) of the document
[
	name =>
		 _empty: This field cannot be left emptydescription =>
		 _empty: This field cannot be left empty
]
92) An error has occurred at line (95) of the document
[
	name =>
		 _empty: This field cannot be left emptydescription =>
		 _empty: This field cannot be left empty
]
93) An error has occurred at line (96) of the document
[
	name =>
		 _empty: This field cannot be left emptydescription =>
		 _empty: This field cannot be left empty
]
94) An error has occurred at line (97) of the document
[
	name =>
		 _empty: This field cannot be left emptydescription =>
		 _empty: This field cannot be left empty
]
95) An error has occurred at line (98) of the document
[
	name =>
		 _empty: This field cannot be left emptydescription =>
		 _empty: This field cannot be left empty
]
96) An error has occurred at line (99) of the document
[
	name =>
		 _empty: This field cannot be left emptydescription =>
		 _empty: This field cannot be left empty
]
97) An error has occurred at line (100) of the document
[
	name =>
		 _empty: This field cannot be left emptydescription =>
		 _empty: This field cannot be left empty
]
98) An error has occurred at line (101) of the document
[
	name =>
		 _empty: This field cannot be left emptydescription =>
		 _empty: This field cannot be left empty
]
99) An error has occurred at line (102) of the document
[
	name =>
		 _empty: This field cannot be left emptydescription =>
		 _empty: This field cannot be left empty
]
100) An error has occurred at line (103) of the document
[
	name =>
		 _empty: This field cannot be left emptydescription =>
		 _empty: This field cannot be left empty
]
101) An error has occurred at line (104) of the document
[
	name =>
		 _empty: This field cannot be left emptydescription =>
		 _empty: This field cannot be left empty
]
102) An error has occurred at line (105) of the document
[
	name =>
		 _empty: This field cannot be left emptydescription =>
		 _empty: This field cannot be left empty
]
103) An error has occurred at line (106) of the document
[
	name =>
		 _empty: This field cannot be left emptydescription =>
		 _empty: This field cannot be left empty
]
104) An error has occurred at line (107) of the document
[
	name =>
		 _empty: This field cannot be left emptydescription =>
		 _empty: This field cannot be left empty
]
105) An error has occurred at line (108) of the document
[
	name =>
		 _empty: This field cannot be left emptydescription =>
		 _empty: This field cannot be left empty
]
106) An error has occurred at line (109) of the document
[
	name =>
		 _empty: This field cannot be left emptydescription =>
		 _empty: This field cannot be left empty
]
107) An error has occurred at line (110) of the document
[
	name =>
		 _empty: This field cannot be left emptydescription =>
		 _empty: This field cannot be left empty
]
108) An error has occurred at line (111) of the document
[
	name =>
		 _empty: This field cannot be left emptydescription =>
		 _empty: This field cannot be left empty
]
109) An error has occurred at line (112) of the document
[
	name =>
		 _empty: This field cannot be left emptydescription =>
		 _empty: This field cannot be left empty
]
110) An error has occurred at line (113) of the document
[
	name =>
		 _empty: This field cannot be left emptydescription =>
		 _empty: This field cannot be left empty
]
111) An error has occurred at line (114) of the document
[
	name =>
		 _empty: This field cannot be left emptydescription =>
		 _empty: This field cannot be left empty
]
112) An error has occurred at line (115) of the document
[
	name =>
		 _empty: This field cannot be left emptydescription =>
		 _empty: This field cannot be left empty
]
113) An error has occurred at line (116) of the document
[
	name =>
		 _empty: This field cannot be left emptydescription =>
		 _empty: This field cannot be left empty
]
114) An error has occurred at line (117) of the document
[
	name =>
		 _empty: This field cannot be left emptydescription =>
		 _empty: This field cannot be left empty
]
115) An error has occurred at line (118) of the document
[
	name =>
		 _empty: This field cannot be left emptydescription =>
		 _empty: This field cannot be left empty
]
116) An error has occurred at line (119) of the document
[
	name =>
		 _empty: This field cannot be left emptydescription =>
		 _empty: This field cannot be left empty
]
117) An error has occurred at line (120) of the document
[
	name =>
		 _empty: This field cannot be left emptydescription =>
		 _empty: This field cannot be left empty
]
118) An error has occurred at line (121) of the document
[
	name =>
		 _empty: This field cannot be left emptydescription =>
		 _empty: This field cannot be left empty
]
119) An error has occurred at line (122) of the document
[
	name =>
		 _empty: This field cannot be left emptydescription =>
		 _empty: This field cannot be left empty
]
120) An error has occurred at line (123) of the document
[
	name =>
		 _empty: This field cannot be left emptydescription =>
		 _empty: This field cannot be left empty
]
121) An error has occurred at line (124) of the document
[
	name =>
		 _empty: This field cannot be left emptydescription =>
		 _empty: This field cannot be left empty
]
122) An error has occurred at line (125) of the document
[
	name =>
		 _empty: This field cannot be left emptydescription =>
		 _empty: This field cannot be left empty
]
123) An error has occurred at line (126) of the document
[
	name =>
		 _empty: This field cannot be left emptydescription =>
		 _empty: This field cannot be left empty
]
124) An error has occurred at line (127) of the document
[
	name =>
		 _empty: This field cannot be left emptydescription =>
		 _empty: This field cannot be left empty
]
125) An error has occurred at line (128) of the document
[
	name =>
		 _empty: This field cannot be left emptydescription =>
		 _empty: This field cannot be left empty
]
126) An error has occurred at line (129) of the document
[
	name =>
		 _empty: This field cannot be left emptydescription =>
		 _empty: This field cannot be left empty
]
127) An error has occurred at line (130) of the document
[
	name =>
		 _empty: This field cannot be left emptydescription =>
		 _empty: This field cannot be left empty
]
128) An error has occurred at line (131) of the document
[
	name =>
		 _empty: This field cannot be left emptydescription =>
		 _empty: This field cannot be left empty
]
129) An error has occurred at line (132) of the document
[
	name =>
		 _empty: This field cannot be left emptydescription =>
		 _empty: This field cannot be left empty
]
130) An error has occurred at line (133) of the document
[
	name =>
		 _empty: This field cannot be left emptydescription =>
		 _empty: This field cannot be left empty
]
131) An error has occurred at line (134) of the document
[
	name =>
		 _empty: This field cannot be left emptydescription =>
		 _empty: This field cannot be left empty
]
132) An error has occurred at line (135) of the document
[
	name =>
		 _empty: This field cannot be left emptydescription =>
		 _empty: This field cannot be left empty
]

2020-03-09 10:22:49 Error: There were some error(s) that occurred.
1) An error has occurred at line (4) of the document
[
	name =>
		 _empty: This field cannot be left emptydescription =>
		 _empty: This field cannot be left empty
]
2) An error has occurred at line (5) of the document
[
	name =>
		 _empty: This field cannot be left emptydescription =>
		 _empty: This field cannot be left empty
]
3) An error has occurred at line (6) of the document
[
	name =>
		 _empty: This field cannot be left emptydescription =>
		 _empty: This field cannot be left empty
]
4) An error has occurred at line (7) of the document
[
	name =>
		 _empty: This field cannot be left emptydescription =>
		 _empty: This field cannot be left empty
]
5) An error has occurred at line (8) of the document
[
	name =>
		 _empty: This field cannot be left emptydescription =>
		 _empty: This field cannot be left empty
]
6) An error has occurred at line (9) of the document
[
	name =>
		 _empty: This field cannot be left emptydescription =>
		 _empty: This field cannot be left empty
]
7) An error has occurred at line (10) of the document
[
	name =>
		 _empty: This field cannot be left emptydescription =>
		 _empty: This field cannot be left empty
]
8) An error has occurred at line (11) of the document
[
	name =>
		 _empty: This field cannot be left emptydescription =>
		 _empty: This field cannot be left empty
]
9) An error has occurred at line (12) of the document
[
	name =>
		 _empty: This field cannot be left emptydescription =>
		 _empty: This field cannot be left empty
]
10) An error has occurred at line (13) of the document
[
	name =>
		 _empty: This field cannot be left emptydescription =>
		 _empty: This field cannot be left empty
]
11) An error has occurred at line (14) of the document
[
	name =>
		 _empty: This field cannot be left emptydescription =>
		 _empty: This field cannot be left empty
]
12) An error has occurred at line (15) of the document
[
	name =>
		 _empty: This field cannot be left emptydescription =>
		 _empty: This field cannot be left empty
]
13) An error has occurred at line (16) of the document
[
	name =>
		 _empty: This field cannot be left emptydescription =>
		 _empty: This field cannot be left empty
]
14) An error has occurred at line (17) of the document
[
	name =>
		 _empty: This field cannot be left emptydescription =>
		 _empty: This field cannot be left empty
]
15) An error has occurred at line (18) of the document
[
	name =>
		 _empty: This field cannot be left emptydescription =>
		 _empty: This field cannot be left empty
]
16) An error has occurred at line (19) of the document
[
	name =>
		 _empty: This field cannot be left emptydescription =>
		 _empty: This field cannot be left empty
]
17) An error has occurred at line (20) of the document
[
	name =>
		 _empty: This field cannot be left emptydescription =>
		 _empty: This field cannot be left empty
]
18) An error has occurred at line (21) of the document
[
	name =>
		 _empty: This field cannot be left emptydescription =>
		 _empty: This field cannot be left empty
]
19) An error has occurred at line (22) of the document
[
	name =>
		 _empty: This field cannot be left emptydescription =>
		 _empty: This field cannot be left empty
]
20) An error has occurred at line (23) of the document
[
	name =>
		 _empty: This field cannot be left emptydescription =>
		 _empty: This field cannot be left empty
]
21) An error has occurred at line (24) of the document
[
	name =>
		 _empty: This field cannot be left emptydescription =>
		 _empty: This field cannot be left empty
]
22) An error has occurred at line (25) of the document
[
	name =>
		 _empty: This field cannot be left emptydescription =>
		 _empty: This field cannot be left empty
]
23) An error has occurred at line (26) of the document
[
	name =>
		 _empty: This field cannot be left emptydescription =>
		 _empty: This field cannot be left empty
]
24) An error has occurred at line (27) of the document
[
	name =>
		 _empty: This field cannot be left emptydescription =>
		 _empty: This field cannot be left empty
]
25) An error has occurred at line (28) of the document
[
	name =>
		 _empty: This field cannot be left emptydescription =>
		 _empty: This field cannot be left empty
]
26) An error has occurred at line (29) of the document
[
	name =>
		 _empty: This field cannot be left emptydescription =>
		 _empty: This field cannot be left empty
]
27) An error has occurred at line (30) of the document
[
	name =>
		 _empty: This field cannot be left emptydescription =>
		 _empty: This field cannot be left empty
]
28) An error has occurred at line (31) of the document
[
	name =>
		 _empty: This field cannot be left emptydescription =>
		 _empty: This field cannot be left empty
]
29) An error has occurred at line (32) of the document
[
	name =>
		 _empty: This field cannot be left emptydescription =>
		 _empty: This field cannot be left empty
]
30) An error has occurred at line (33) of the document
[
	name =>
		 _empty: This field cannot be left emptydescription =>
		 _empty: This field cannot be left empty
]
31) An error has occurred at line (34) of the document
[
	name =>
		 _empty: This field cannot be left emptydescription =>
		 _empty: This field cannot be left empty
]
32) An error has occurred at line (35) of the document
[
	name =>
		 _empty: This field cannot be left emptydescription =>
		 _empty: This field cannot be left empty
]
33) An error has occurred at line (36) of the document
[
	name =>
		 _empty: This field cannot be left emptydescription =>
		 _empty: This field cannot be left empty
]
34) An error has occurred at line (37) of the document
[
	name =>
		 _empty: This field cannot be left emptydescription =>
		 _empty: This field cannot be left empty
]
35) An error has occurred at line (38) of the document
[
	name =>
		 _empty: This field cannot be left emptydescription =>
		 _empty: This field cannot be left empty
]
36) An error has occurred at line (39) of the document
[
	name =>
		 _empty: This field cannot be left emptydescription =>
		 _empty: This field cannot be left empty
]
37) An error has occurred at line (40) of the document
[
	name =>
		 _empty: This field cannot be left emptydescription =>
		 _empty: This field cannot be left empty
]
38) An error has occurred at line (41) of the document
[
	name =>
		 _empty: This field cannot be left emptydescription =>
		 _empty: This field cannot be left empty
]
39) An error has occurred at line (42) of the document
[
	name =>
		 _empty: This field cannot be left emptydescription =>
		 _empty: This field cannot be left empty
]
40) An error has occurred at line (43) of the document
[
	name =>
		 _empty: This field cannot be left emptydescription =>
		 _empty: This field cannot be left empty
]
41) An error has occurred at line (44) of the document
[
	name =>
		 _empty: This field cannot be left emptydescription =>
		 _empty: This field cannot be left empty
]
42) An error has occurred at line (45) of the document
[
	name =>
		 _empty: This field cannot be left emptydescription =>
		 _empty: This field cannot be left empty
]
43) An error has occurred at line (46) of the document
[
	name =>
		 _empty: This field cannot be left emptydescription =>
		 _empty: This field cannot be left empty
]
44) An error has occurred at line (47) of the document
[
	name =>
		 _empty: This field cannot be left emptydescription =>
		 _empty: This field cannot be left empty
]
45) An error has occurred at line (48) of the document
[
	name =>
		 _empty: This field cannot be left emptydescription =>
		 _empty: This field cannot be left empty
]
46) An error has occurred at line (49) of the document
[
	name =>
		 _empty: This field cannot be left emptydescription =>
		 _empty: This field cannot be left empty
]
47) An error has occurred at line (50) of the document
[
	name =>
		 _empty: This field cannot be left emptydescription =>
		 _empty: This field cannot be left empty
]
48) An error has occurred at line (51) of the document
[
	name =>
		 _empty: This field cannot be left emptydescription =>
		 _empty: This field cannot be left empty
]
49) An error has occurred at line (52) of the document
[
	name =>
		 _empty: This field cannot be left emptydescription =>
		 _empty: This field cannot be left empty
]
50) An error has occurred at line (53) of the document
[
	name =>
		 _empty: This field cannot be left emptydescription =>
		 _empty: This field cannot be left empty
]
51) An error has occurred at line (54) of the document
[
	name =>
		 _empty: This field cannot be left emptydescription =>
		 _empty: This field cannot be left empty
]
52) An error has occurred at line (55) of the document
[
	name =>
		 _empty: This field cannot be left emptydescription =>
		 _empty: This field cannot be left empty
]
53) An error has occurred at line (56) of the document
[
	name =>
		 _empty: This field cannot be left emptydescription =>
		 _empty: This field cannot be left empty
]
54) An error has occurred at line (57) of the document
[
	name =>
		 _empty: This field cannot be left emptydescription =>
		 _empty: This field cannot be left empty
]
55) An error has occurred at line (58) of the document
[
	name =>
		 _empty: This field cannot be left emptydescription =>
		 _empty: This field cannot be left empty
]
56) An error has occurred at line (59) of the document
[
	name =>
		 _empty: This field cannot be left emptydescription =>
		 _empty: This field cannot be left empty
]
57) An error has occurred at line (60) of the document
[
	name =>
		 _empty: This field cannot be left emptydescription =>
		 _empty: This field cannot be left empty
]
58) An error has occurred at line (61) of the document
[
	name =>
		 _empty: This field cannot be left emptydescription =>
		 _empty: This field cannot be left empty
]
59) An error has occurred at line (62) of the document
[
	name =>
		 _empty: This field cannot be left emptydescription =>
		 _empty: This field cannot be left empty
]
60) An error has occurred at line (63) of the document
[
	name =>
		 _empty: This field cannot be left emptydescription =>
		 _empty: This field cannot be left empty
]
61) An error has occurred at line (64) of the document
[
	name =>
		 _empty: This field cannot be left emptydescription =>
		 _empty: This field cannot be left empty
]
62) An error has occurred at line (65) of the document
[
	name =>
		 _empty: This field cannot be left emptydescription =>
		 _empty: This field cannot be left empty
]
63) An error has occurred at line (66) of the document
[
	name =>
		 _empty: This field cannot be left emptydescription =>
		 _empty: This field cannot be left empty
]
64) An error has occurred at line (67) of the document
[
	name =>
		 _empty: This field cannot be left emptydescription =>
		 _empty: This field cannot be left empty
]
65) An error has occurred at line (68) of the document
[
	name =>
		 _empty: This field cannot be left emptydescription =>
		 _empty: This field cannot be left empty
]
66) An error has occurred at line (69) of the document
[
	name =>
		 _empty: This field cannot be left emptydescription =>
		 _empty: This field cannot be left empty
]
67) An error has occurred at line (70) of the document
[
	name =>
		 _empty: This field cannot be left emptydescription =>
		 _empty: This field cannot be left empty
]
68) An error has occurred at line (71) of the document
[
	name =>
		 _empty: This field cannot be left emptydescription =>
		 _empty: This field cannot be left empty
]
69) An error has occurred at line (72) of the document
[
	name =>
		 _empty: This field cannot be left emptydescription =>
		 _empty: This field cannot be left empty
]
70) An error has occurred at line (73) of the document
[
	name =>
		 _empty: This field cannot be left emptydescription =>
		 _empty: This field cannot be left empty
]
71) An error has occurred at line (74) of the document
[
	name =>
		 _empty: This field cannot be left emptydescription =>
		 _empty: This field cannot be left empty
]
72) An error has occurred at line (75) of the document
[
	name =>
		 _empty: This field cannot be left emptydescription =>
		 _empty: This field cannot be left empty
]
73) An error has occurred at line (76) of the document
[
	name =>
		 _empty: This field cannot be left emptydescription =>
		 _empty: This field cannot be left empty
]
74) An error has occurred at line (77) of the document
[
	name =>
		 _empty: This field cannot be left emptydescription =>
		 _empty: This field cannot be left empty
]
75) An error has occurred at line (78) of the document
[
	name =>
		 _empty: This field cannot be left emptydescription =>
		 _empty: This field cannot be left empty
]
76) An error has occurred at line (79) of the document
[
	name =>
		 _empty: This field cannot be left emptydescription =>
		 _empty: This field cannot be left empty
]
77) An error has occurred at line (80) of the document
[
	name =>
		 _empty: This field cannot be left emptydescription =>
		 _empty: This field cannot be left empty
]
78) An error has occurred at line (81) of the document
[
	name =>
		 _empty: This field cannot be left emptydescription =>
		 _empty: This field cannot be left empty
]
79) An error has occurred at line (82) of the document
[
	name =>
		 _empty: This field cannot be left emptydescription =>
		 _empty: This field cannot be left empty
]
80) An error has occurred at line (83) of the document
[
	name =>
		 _empty: This field cannot be left emptydescription =>
		 _empty: This field cannot be left empty
]
81) An error has occurred at line (84) of the document
[
	name =>
		 _empty: This field cannot be left emptydescription =>
		 _empty: This field cannot be left empty
]
82) An error has occurred at line (85) of the document
[
	name =>
		 _empty: This field cannot be left emptydescription =>
		 _empty: This field cannot be left empty
]
83) An error has occurred at line (86) of the document
[
	name =>
		 _empty: This field cannot be left emptydescription =>
		 _empty: This field cannot be left empty
]
84) An error has occurred at line (87) of the document
[
	name =>
		 _empty: This field cannot be left emptydescription =>
		 _empty: This field cannot be left empty
]
85) An error has occurred at line (88) of the document
[
	name =>
		 _empty: This field cannot be left emptydescription =>
		 _empty: This field cannot be left empty
]
86) An error has occurred at line (89) of the document
[
	name =>
		 _empty: This field cannot be left emptydescription =>
		 _empty: This field cannot be left empty
]
87) An error has occurred at line (90) of the document
[
	name =>
		 _empty: This field cannot be left emptydescription =>
		 _empty: This field cannot be left empty
]
88) An error has occurred at line (91) of the document
[
	name =>
		 _empty: This field cannot be left emptydescription =>
		 _empty: This field cannot be left empty
]
89) An error has occurred at line (92) of the document
[
	name =>
		 _empty: This field cannot be left emptydescription =>
		 _empty: This field cannot be left empty
]
90) An error has occurred at line (93) of the document
[
	name =>
		 _empty: This field cannot be left emptydescription =>
		 _empty: This field cannot be left empty
]
91) An error has occurred at line (94) of the document
[
	name =>
		 _empty: This field cannot be left emptydescription =>
		 _empty: This field cannot be left empty
]
92) An error has occurred at line (95) of the document
[
	name =>
		 _empty: This field cannot be left emptydescription =>
		 _empty: This field cannot be left empty
]
93) An error has occurred at line (96) of the document
[
	name =>
		 _empty: This field cannot be left emptydescription =>
		 _empty: This field cannot be left empty
]
94) An error has occurred at line (97) of the document
[
	name =>
		 _empty: This field cannot be left emptydescription =>
		 _empty: This field cannot be left empty
]
95) An error has occurred at line (98) of the document
[
	name =>
		 _empty: This field cannot be left emptydescription =>
		 _empty: This field cannot be left empty
]
96) An error has occurred at line (99) of the document
[
	name =>
		 _empty: This field cannot be left emptydescription =>
		 _empty: This field cannot be left empty
]
97) An error has occurred at line (100) of the document
[
	name =>
		 _empty: This field cannot be left emptydescription =>
		 _empty: This field cannot be left empty
]
98) An error has occurred at line (101) of the document
[
	name =>
		 _empty: This field cannot be left emptydescription =>
		 _empty: This field cannot be left empty
]
99) An error has occurred at line (102) of the document
[
	name =>
		 _empty: This field cannot be left emptydescription =>
		 _empty: This field cannot be left empty
]
100) An error has occurred at line (103) of the document
[
	name =>
		 _empty: This field cannot be left emptydescription =>
		 _empty: This field cannot be left empty
]
101) An error has occurred at line (104) of the document
[
	name =>
		 _empty: This field cannot be left emptydescription =>
		 _empty: This field cannot be left empty
]
102) An error has occurred at line (105) of the document
[
	name =>
		 _empty: This field cannot be left emptydescription =>
		 _empty: This field cannot be left empty
]
103) An error has occurred at line (106) of the document
[
	name =>
		 _empty: This field cannot be left emptydescription =>
		 _empty: This field cannot be left empty
]
104) An error has occurred at line (107) of the document
[
	name =>
		 _empty: This field cannot be left emptydescription =>
		 _empty: This field cannot be left empty
]
105) An error has occurred at line (108) of the document
[
	name =>
		 _empty: This field cannot be left emptydescription =>
		 _empty: This field cannot be left empty
]
106) An error has occurred at line (109) of the document
[
	name =>
		 _empty: This field cannot be left emptydescription =>
		 _empty: This field cannot be left empty
]
107) An error has occurred at line (110) of the document
[
	name =>
		 _empty: This field cannot be left emptydescription =>
		 _empty: This field cannot be left empty
]
108) An error has occurred at line (111) of the document
[
	name =>
		 _empty: This field cannot be left emptydescription =>
		 _empty: This field cannot be left empty
]
109) An error has occurred at line (112) of the document
[
	name =>
		 _empty: This field cannot be left emptydescription =>
		 _empty: This field cannot be left empty
]
110) An error has occurred at line (113) of the document
[
	name =>
		 _empty: This field cannot be left emptydescription =>
		 _empty: This field cannot be left empty
]
111) An error has occurred at line (114) of the document
[
	name =>
		 _empty: This field cannot be left emptydescription =>
		 _empty: This field cannot be left empty
]
112) An error has occurred at line (115) of the document
[
	name =>
		 _empty: This field cannot be left emptydescription =>
		 _empty: This field cannot be left empty
]
113) An error has occurred at line (116) of the document
[
	name =>
		 _empty: This field cannot be left emptydescription =>
		 _empty: This field cannot be left empty
]
114) An error has occurred at line (117) of the document
[
	name =>
		 _empty: This field cannot be left emptydescription =>
		 _empty: This field cannot be left empty
]
115) An error has occurred at line (118) of the document
[
	name =>
		 _empty: This field cannot be left emptydescription =>
		 _empty: This field cannot be left empty
]
116) An error has occurred at line (119) of the document
[
	name =>
		 _empty: This field cannot be left emptydescription =>
		 _empty: This field cannot be left empty
]
117) An error has occurred at line (120) of the document
[
	name =>
		 _empty: This field cannot be left emptydescription =>
		 _empty: This field cannot be left empty
]
118) An error has occurred at line (121) of the document
[
	name =>
		 _empty: This field cannot be left emptydescription =>
		 _empty: This field cannot be left empty
]
119) An error has occurred at line (122) of the document
[
	name =>
		 _empty: This field cannot be left emptydescription =>
		 _empty: This field cannot be left empty
]
120) An error has occurred at line (123) of the document
[
	name =>
		 _empty: This field cannot be left emptydescription =>
		 _empty: This field cannot be left empty
]
121) An error has occurred at line (124) of the document
[
	name =>
		 _empty: This field cannot be left emptydescription =>
		 _empty: This field cannot be left empty
]
122) An error has occurred at line (125) of the document
[
	name =>
		 _empty: This field cannot be left emptydescription =>
		 _empty: This field cannot be left empty
]
123) An error has occurred at line (126) of the document
[
	name =>
		 _empty: This field cannot be left emptydescription =>
		 _empty: This field cannot be left empty
]
124) An error has occurred at line (127) of the document
[
	name =>
		 _empty: This field cannot be left emptydescription =>
		 _empty: This field cannot be left empty
]
125) An error has occurred at line (128) of the document
[
	name =>
		 _empty: This field cannot be left emptydescription =>
		 _empty: This field cannot be left empty
]
126) An error has occurred at line (129) of the document
[
	name =>
		 _empty: This field cannot be left emptydescription =>
		 _empty: This field cannot be left empty
]
127) An error has occurred at line (130) of the document
[
	name =>
		 _empty: This field cannot be left emptydescription =>
		 _empty: This field cannot be left empty
]
128) An error has occurred at line (131) of the document
[
	name =>
		 _empty: This field cannot be left emptydescription =>
		 _empty: This field cannot be left empty
]
129) An error has occurred at line (132) of the document
[
	name =>
		 _empty: This field cannot be left emptydescription =>
		 _empty: This field cannot be left empty
]
130) An error has occurred at line (133) of the document
[
	name =>
		 _empty: This field cannot be left emptydescription =>
		 _empty: This field cannot be left empty
]
131) An error has occurred at line (134) of the document
[
	name =>
		 _empty: This field cannot be left emptydescription =>
		 _empty: This field cannot be left empty
]
132) An error has occurred at line (135) of the document
[
	name =>
		 _empty: This field cannot be left emptydescription =>
		 _empty: This field cannot be left empty
]

2020-03-09 10:23:42 Error: There were some error(s) that occurred.
1) An error has occurred at line (4) of the document
[
	name =>
		 _empty: This field cannot be left emptydescription =>
		 _empty: This field cannot be left empty
]
2) An error has occurred at line (5) of the document
[
	name =>
		 _empty: This field cannot be left emptydescription =>
		 _empty: This field cannot be left empty
]
3) An error has occurred at line (6) of the document
[
	name =>
		 _empty: This field cannot be left emptydescription =>
		 _empty: This field cannot be left empty
]
4) An error has occurred at line (7) of the document
[
	name =>
		 _empty: This field cannot be left emptydescription =>
		 _empty: This field cannot be left empty
]
5) An error has occurred at line (8) of the document
[
	name =>
		 _empty: This field cannot be left emptydescription =>
		 _empty: This field cannot be left empty
]
6) An error has occurred at line (9) of the document
[
	name =>
		 _empty: This field cannot be left emptydescription =>
		 _empty: This field cannot be left empty
]
7) An error has occurred at line (10) of the document
[
	name =>
		 _empty: This field cannot be left emptydescription =>
		 _empty: This field cannot be left empty
]
8) An error has occurred at line (11) of the document
[
	name =>
		 _empty: This field cannot be left emptydescription =>
		 _empty: This field cannot be left empty
]
9) An error has occurred at line (12) of the document
[
	name =>
		 _empty: This field cannot be left emptydescription =>
		 _empty: This field cannot be left empty
]
10) An error has occurred at line (13) of the document
[
	name =>
		 _empty: This field cannot be left emptydescription =>
		 _empty: This field cannot be left empty
]
11) An error has occurred at line (14) of the document
[
	name =>
		 _empty: This field cannot be left emptydescription =>
		 _empty: This field cannot be left empty
]
12) An error has occurred at line (15) of the document
[
	name =>
		 _empty: This field cannot be left emptydescription =>
		 _empty: This field cannot be left empty
]
13) An error has occurred at line (16) of the document
[
	name =>
		 _empty: This field cannot be left emptydescription =>
		 _empty: This field cannot be left empty
]
14) An error has occurred at line (17) of the document
[
	name =>
		 _empty: This field cannot be left emptydescription =>
		 _empty: This field cannot be left empty
]
15) An error has occurred at line (18) of the document
[
	name =>
		 _empty: This field cannot be left emptydescription =>
		 _empty: This field cannot be left empty
]
16) An error has occurred at line (19) of the document
[
	name =>
		 _empty: This field cannot be left emptydescription =>
		 _empty: This field cannot be left empty
]
17) An error has occurred at line (20) of the document
[
	name =>
		 _empty: This field cannot be left emptydescription =>
		 _empty: This field cannot be left empty
]
18) An error has occurred at line (21) of the document
[
	name =>
		 _empty: This field cannot be left emptydescription =>
		 _empty: This field cannot be left empty
]
19) An error has occurred at line (22) of the document
[
	name =>
		 _empty: This field cannot be left emptydescription =>
		 _empty: This field cannot be left empty
]
20) An error has occurred at line (23) of the document
[
	name =>
		 _empty: This field cannot be left emptydescription =>
		 _empty: This field cannot be left empty
]
21) An error has occurred at line (24) of the document
[
	name =>
		 _empty: This field cannot be left emptydescription =>
		 _empty: This field cannot be left empty
]
22) An error has occurred at line (25) of the document
[
	name =>
		 _empty: This field cannot be left emptydescription =>
		 _empty: This field cannot be left empty
]
23) An error has occurred at line (26) of the document
[
	name =>
		 _empty: This field cannot be left emptydescription =>
		 _empty: This field cannot be left empty
]
24) An error has occurred at line (27) of the document
[
	name =>
		 _empty: This field cannot be left emptydescription =>
		 _empty: This field cannot be left empty
]
25) An error has occurred at line (28) of the document
[
	name =>
		 _empty: This field cannot be left emptydescription =>
		 _empty: This field cannot be left empty
]
26) An error has occurred at line (29) of the document
[
	name =>
		 _empty: This field cannot be left emptydescription =>
		 _empty: This field cannot be left empty
]
27) An error has occurred at line (30) of the document
[
	name =>
		 _empty: This field cannot be left emptydescription =>
		 _empty: This field cannot be left empty
]
28) An error has occurred at line (31) of the document
[
	name =>
		 _empty: This field cannot be left emptydescription =>
		 _empty: This field cannot be left empty
]
29) An error has occurred at line (32) of the document
[
	name =>
		 _empty: This field cannot be left emptydescription =>
		 _empty: This field cannot be left empty
]
30) An error has occurred at line (33) of the document
[
	name =>
		 _empty: This field cannot be left emptydescription =>
		 _empty: This field cannot be left empty
]
31) An error has occurred at line (34) of the document
[
	name =>
		 _empty: This field cannot be left emptydescription =>
		 _empty: This field cannot be left empty
]
32) An error has occurred at line (35) of the document
[
	name =>
		 _empty: This field cannot be left emptydescription =>
		 _empty: This field cannot be left empty
]
33) An error has occurred at line (36) of the document
[
	name =>
		 _empty: This field cannot be left emptydescription =>
		 _empty: This field cannot be left empty
]
34) An error has occurred at line (37) of the document
[
	name =>
		 _empty: This field cannot be left emptydescription =>
		 _empty: This field cannot be left empty
]
35) An error has occurred at line (38) of the document
[
	name =>
		 _empty: This field cannot be left emptydescription =>
		 _empty: This field cannot be left empty
]
36) An error has occurred at line (39) of the document
[
	name =>
		 _empty: This field cannot be left emptydescription =>
		 _empty: This field cannot be left empty
]
37) An error has occurred at line (40) of the document
[
	name =>
		 _empty: This field cannot be left emptydescription =>
		 _empty: This field cannot be left empty
]
38) An error has occurred at line (41) of the document
[
	name =>
		 _empty: This field cannot be left emptydescription =>
		 _empty: This field cannot be left empty
]
39) An error has occurred at line (42) of the document
[
	name =>
		 _empty: This field cannot be left emptydescription =>
		 _empty: This field cannot be left empty
]
40) An error has occurred at line (43) of the document
[
	name =>
		 _empty: This field cannot be left emptydescription =>
		 _empty: This field cannot be left empty
]
41) An error has occurred at line (44) of the document
[
	name =>
		 _empty: This field cannot be left emptydescription =>
		 _empty: This field cannot be left empty
]
42) An error has occurred at line (45) of the document
[
	name =>
		 _empty: This field cannot be left emptydescription =>
		 _empty: This field cannot be left empty
]
43) An error has occurred at line (46) of the document
[
	name =>
		 _empty: This field cannot be left emptydescription =>
		 _empty: This field cannot be left empty
]
44) An error has occurred at line (47) of the document
[
	name =>
		 _empty: This field cannot be left emptydescription =>
		 _empty: This field cannot be left empty
]
45) An error has occurred at line (48) of the document
[
	name =>
		 _empty: This field cannot be left emptydescription =>
		 _empty: This field cannot be left empty
]
46) An error has occurred at line (49) of the document
[
	name =>
		 _empty: This field cannot be left emptydescription =>
		 _empty: This field cannot be left empty
]
47) An error has occurred at line (50) of the document
[
	name =>
		 _empty: This field cannot be left emptydescription =>
		 _empty: This field cannot be left empty
]
48) An error has occurred at line (51) of the document
[
	name =>
		 _empty: This field cannot be left emptydescription =>
		 _empty: This field cannot be left empty
]
49) An error has occurred at line (52) of the document
[
	name =>
		 _empty: This field cannot be left emptydescription =>
		 _empty: This field cannot be left empty
]
50) An error has occurred at line (53) of the document
[
	name =>
		 _empty: This field cannot be left emptydescription =>
		 _empty: This field cannot be left empty
]
51) An error has occurred at line (54) of the document
[
	name =>
		 _empty: This field cannot be left emptydescription =>
		 _empty: This field cannot be left empty
]
52) An error has occurred at line (55) of the document
[
	name =>
		 _empty: This field cannot be left emptydescription =>
		 _empty: This field cannot be left empty
]
53) An error has occurred at line (56) of the document
[
	name =>
		 _empty: This field cannot be left emptydescription =>
		 _empty: This field cannot be left empty
]
54) An error has occurred at line (57) of the document
[
	name =>
		 _empty: This field cannot be left emptydescription =>
		 _empty: This field cannot be left empty
]
55) An error has occurred at line (58) of the document
[
	name =>
		 _empty: This field cannot be left emptydescription =>
		 _empty: This field cannot be left empty
]
56) An error has occurred at line (59) of the document
[
	name =>
		 _empty: This field cannot be left emptydescription =>
		 _empty: This field cannot be left empty
]
57) An error has occurred at line (60) of the document
[
	name =>
		 _empty: This field cannot be left emptydescription =>
		 _empty: This field cannot be left empty
]
58) An error has occurred at line (61) of the document
[
	name =>
		 _empty: This field cannot be left emptydescription =>
		 _empty: This field cannot be left empty
]
59) An error has occurred at line (62) of the document
[
	name =>
		 _empty: This field cannot be left emptydescription =>
		 _empty: This field cannot be left empty
]
60) An error has occurred at line (63) of the document
[
	name =>
		 _empty: This field cannot be left emptydescription =>
		 _empty: This field cannot be left empty
]
61) An error has occurred at line (64) of the document
[
	name =>
		 _empty: This field cannot be left emptydescription =>
		 _empty: This field cannot be left empty
]
62) An error has occurred at line (65) of the document
[
	name =>
		 _empty: This field cannot be left emptydescription =>
		 _empty: This field cannot be left empty
]
63) An error has occurred at line (66) of the document
[
	name =>
		 _empty: This field cannot be left emptydescription =>
		 _empty: This field cannot be left empty
]
64) An error has occurred at line (67) of the document
[
	name =>
		 _empty: This field cannot be left emptydescription =>
		 _empty: This field cannot be left empty
]
65) An error has occurred at line (68) of the document
[
	name =>
		 _empty: This field cannot be left emptydescription =>
		 _empty: This field cannot be left empty
]
66) An error has occurred at line (69) of the document
[
	name =>
		 _empty: This field cannot be left emptydescription =>
		 _empty: This field cannot be left empty
]
67) An error has occurred at line (70) of the document
[
	name =>
		 _empty: This field cannot be left emptydescription =>
		 _empty: This field cannot be left empty
]
68) An error has occurred at line (71) of the document
[
	name =>
		 _empty: This field cannot be left emptydescription =>
		 _empty: This field cannot be left empty
]
69) An error has occurred at line (72) of the document
[
	name =>
		 _empty: This field cannot be left emptydescription =>
		 _empty: This field cannot be left empty
]
70) An error has occurred at line (73) of the document
[
	name =>
		 _empty: This field cannot be left emptydescription =>
		 _empty: This field cannot be left empty
]
71) An error has occurred at line (74) of the document
[
	name =>
		 _empty: This field cannot be left emptydescription =>
		 _empty: This field cannot be left empty
]
72) An error has occurred at line (75) of the document
[
	name =>
		 _empty: This field cannot be left emptydescription =>
		 _empty: This field cannot be left empty
]
73) An error has occurred at line (76) of the document
[
	name =>
		 _empty: This field cannot be left emptydescription =>
		 _empty: This field cannot be left empty
]
74) An error has occurred at line (77) of the document
[
	name =>
		 _empty: This field cannot be left emptydescription =>
		 _empty: This field cannot be left empty
]
75) An error has occurred at line (78) of the document
[
	name =>
		 _empty: This field cannot be left emptydescription =>
		 _empty: This field cannot be left empty
]
76) An error has occurred at line (79) of the document
[
	name =>
		 _empty: This field cannot be left emptydescription =>
		 _empty: This field cannot be left empty
]
77) An error has occurred at line (80) of the document
[
	name =>
		 _empty: This field cannot be left emptydescription =>
		 _empty: This field cannot be left empty
]
78) An error has occurred at line (81) of the document
[
	name =>
		 _empty: This field cannot be left emptydescription =>
		 _empty: This field cannot be left empty
]
79) An error has occurred at line (82) of the document
[
	name =>
		 _empty: This field cannot be left emptydescription =>
		 _empty: This field cannot be left empty
]
80) An error has occurred at line (83) of the document
[
	name =>
		 _empty: This field cannot be left emptydescription =>
		 _empty: This field cannot be left empty
]
81) An error has occurred at line (84) of the document
[
	name =>
		 _empty: This field cannot be left emptydescription =>
		 _empty: This field cannot be left empty
]
82) An error has occurred at line (85) of the document
[
	name =>
		 _empty: This field cannot be left emptydescription =>
		 _empty: This field cannot be left empty
]
83) An error has occurred at line (86) of the document
[
	name =>
		 _empty: This field cannot be left emptydescription =>
		 _empty: This field cannot be left empty
]
84) An error has occurred at line (87) of the document
[
	name =>
		 _empty: This field cannot be left emptydescription =>
		 _empty: This field cannot be left empty
]
85) An error has occurred at line (88) of the document
[
	name =>
		 _empty: This field cannot be left emptydescription =>
		 _empty: This field cannot be left empty
]
86) An error has occurred at line (89) of the document
[
	name =>
		 _empty: This field cannot be left emptydescription =>
		 _empty: This field cannot be left empty
]
87) An error has occurred at line (90) of the document
[
	name =>
		 _empty: This field cannot be left emptydescription =>
		 _empty: This field cannot be left empty
]
88) An error has occurred at line (91) of the document
[
	name =>
		 _empty: This field cannot be left emptydescription =>
		 _empty: This field cannot be left empty
]
89) An error has occurred at line (92) of the document
[
	name =>
		 _empty: This field cannot be left emptydescription =>
		 _empty: This field cannot be left empty
]
90) An error has occurred at line (93) of the document
[
	name =>
		 _empty: This field cannot be left emptydescription =>
		 _empty: This field cannot be left empty
]
91) An error has occurred at line (94) of the document
[
	name =>
		 _empty: This field cannot be left emptydescription =>
		 _empty: This field cannot be left empty
]
92) An error has occurred at line (95) of the document
[
	name =>
		 _empty: This field cannot be left emptydescription =>
		 _empty: This field cannot be left empty
]
93) An error has occurred at line (96) of the document
[
	name =>
		 _empty: This field cannot be left emptydescription =>
		 _empty: This field cannot be left empty
]
94) An error has occurred at line (97) of the document
[
	name =>
		 _empty: This field cannot be left emptydescription =>
		 _empty: This field cannot be left empty
]
95) An error has occurred at line (98) of the document
[
	name =>
		 _empty: This field cannot be left emptydescription =>
		 _empty: This field cannot be left empty
]
96) An error has occurred at line (99) of the document
[
	name =>
		 _empty: This field cannot be left emptydescription =>
		 _empty: This field cannot be left empty
]
97) An error has occurred at line (100) of the document
[
	name =>
		 _empty: This field cannot be left emptydescription =>
		 _empty: This field cannot be left empty
]
98) An error has occurred at line (101) of the document
[
	name =>
		 _empty: This field cannot be left emptydescription =>
		 _empty: This field cannot be left empty
]
99) An error has occurred at line (102) of the document
[
	name =>
		 _empty: This field cannot be left emptydescription =>
		 _empty: This field cannot be left empty
]
100) An error has occurred at line (103) of the document
[
	name =>
		 _empty: This field cannot be left emptydescription =>
		 _empty: This field cannot be left empty
]
101) An error has occurred at line (104) of the document
[
	name =>
		 _empty: This field cannot be left emptydescription =>
		 _empty: This field cannot be left empty
]
102) An error has occurred at line (105) of the document
[
	name =>
		 _empty: This field cannot be left emptydescription =>
		 _empty: This field cannot be left empty
]
103) An error has occurred at line (106) of the document
[
	name =>
		 _empty: This field cannot be left emptydescription =>
		 _empty: This field cannot be left empty
]
104) An error has occurred at line (107) of the document
[
	name =>
		 _empty: This field cannot be left emptydescription =>
		 _empty: This field cannot be left empty
]
105) An error has occurred at line (108) of the document
[
	name =>
		 _empty: This field cannot be left emptydescription =>
		 _empty: This field cannot be left empty
]
106) An error has occurred at line (109) of the document
[
	name =>
		 _empty: This field cannot be left emptydescription =>
		 _empty: This field cannot be left empty
]
107) An error has occurred at line (110) of the document
[
	name =>
		 _empty: This field cannot be left emptydescription =>
		 _empty: This field cannot be left empty
]
108) An error has occurred at line (111) of the document
[
	name =>
		 _empty: This field cannot be left emptydescription =>
		 _empty: This field cannot be left empty
]
109) An error has occurred at line (112) of the document
[
	name =>
		 _empty: This field cannot be left emptydescription =>
		 _empty: This field cannot be left empty
]
110) An error has occurred at line (113) of the document
[
	name =>
		 _empty: This field cannot be left emptydescription =>
		 _empty: This field cannot be left empty
]
111) An error has occurred at line (114) of the document
[
	name =>
		 _empty: This field cannot be left emptydescription =>
		 _empty: This field cannot be left empty
]
112) An error has occurred at line (115) of the document
[
	name =>
		 _empty: This field cannot be left emptydescription =>
		 _empty: This field cannot be left empty
]
113) An error has occurred at line (116) of the document
[
	name =>
		 _empty: This field cannot be left emptydescription =>
		 _empty: This field cannot be left empty
]
114) An error has occurred at line (117) of the document
[
	name =>
		 _empty: This field cannot be left emptydescription =>
		 _empty: This field cannot be left empty
]
115) An error has occurred at line (118) of the document
[
	name =>
		 _empty: This field cannot be left emptydescription =>
		 _empty: This field cannot be left empty
]
116) An error has occurred at line (119) of the document
[
	name =>
		 _empty: This field cannot be left emptydescription =>
		 _empty: This field cannot be left empty
]
117) An error has occurred at line (120) of the document
[
	name =>
		 _empty: This field cannot be left emptydescription =>
		 _empty: This field cannot be left empty
]
118) An error has occurred at line (121) of the document
[
	name =>
		 _empty: This field cannot be left emptydescription =>
		 _empty: This field cannot be left empty
]
119) An error has occurred at line (122) of the document
[
	name =>
		 _empty: This field cannot be left emptydescription =>
		 _empty: This field cannot be left empty
]
120) An error has occurred at line (123) of the document
[
	name =>
		 _empty: This field cannot be left emptydescription =>
		 _empty: This field cannot be left empty
]
121) An error has occurred at line (124) of the document
[
	name =>
		 _empty: This field cannot be left emptydescription =>
		 _empty: This field cannot be left empty
]
122) An error has occurred at line (125) of the document
[
	name =>
		 _empty: This field cannot be left emptydescription =>
		 _empty: This field cannot be left empty
]
123) An error has occurred at line (126) of the document
[
	name =>
		 _empty: This field cannot be left emptydescription =>
		 _empty: This field cannot be left empty
]
124) An error has occurred at line (127) of the document
[
	name =>
		 _empty: This field cannot be left emptydescription =>
		 _empty: This field cannot be left empty
]
125) An error has occurred at line (128) of the document
[
	name =>
		 _empty: This field cannot be left emptydescription =>
		 _empty: This field cannot be left empty
]
126) An error has occurred at line (129) of the document
[
	name =>
		 _empty: This field cannot be left emptydescription =>
		 _empty: This field cannot be left empty
]
127) An error has occurred at line (130) of the document
[
	name =>
		 _empty: This field cannot be left emptydescription =>
		 _empty: This field cannot be left empty
]
128) An error has occurred at line (131) of the document
[
	name =>
		 _empty: This field cannot be left emptydescription =>
		 _empty: This field cannot be left empty
]
129) An error has occurred at line (132) of the document
[
	name =>
		 _empty: This field cannot be left emptydescription =>
		 _empty: This field cannot be left empty
]
130) An error has occurred at line (133) of the document
[
	name =>
		 _empty: This field cannot be left emptydescription =>
		 _empty: This field cannot be left empty
]
131) An error has occurred at line (134) of the document
[
	name =>
		 _empty: This field cannot be left emptydescription =>
		 _empty: This field cannot be left empty
]
132) An error has occurred at line (135) of the document
[
	name =>
		 _empty: This field cannot be left emptydescription =>
		 _empty: This field cannot be left empty
]

2020-03-09 10:25:33 Error: There were some error(s) that occurred.
1) An error has occurred at line (4) of the document
[
	name =>
		 _empty: This field cannot be left emptydescription =>
		 _empty: This field cannot be left empty
]
2) An error has occurred at line (5) of the document
[
	name =>
		 _empty: This field cannot be left emptydescription =>
		 _empty: This field cannot be left empty
]
3) An error has occurred at line (6) of the document
[
	name =>
		 _empty: This field cannot be left emptydescription =>
		 _empty: This field cannot be left empty
]
4) An error has occurred at line (7) of the document
[
	name =>
		 _empty: This field cannot be left emptydescription =>
		 _empty: This field cannot be left empty
]
5) An error has occurred at line (8) of the document
[
	name =>
		 _empty: This field cannot be left emptydescription =>
		 _empty: This field cannot be left empty
]
6) An error has occurred at line (9) of the document
[
	name =>
		 _empty: This field cannot be left emptydescription =>
		 _empty: This field cannot be left empty
]
7) An error has occurred at line (10) of the document
[
	name =>
		 _empty: This field cannot be left emptydescription =>
		 _empty: This field cannot be left empty
]
8) An error has occurred at line (11) of the document
[
	name =>
		 _empty: This field cannot be left emptydescription =>
		 _empty: This field cannot be left empty
]
9) An error has occurred at line (12) of the document
[
	name =>
		 _empty: This field cannot be left emptydescription =>
		 _empty: This field cannot be left empty
]
10) An error has occurred at line (13) of the document
[
	name =>
		 _empty: This field cannot be left emptydescription =>
		 _empty: This field cannot be left empty
]
11) An error has occurred at line (14) of the document
[
	name =>
		 _empty: This field cannot be left emptydescription =>
		 _empty: This field cannot be left empty
]
12) An error has occurred at line (15) of the document
[
	name =>
		 _empty: This field cannot be left emptydescription =>
		 _empty: This field cannot be left empty
]
13) An error has occurred at line (16) of the document
[
	name =>
		 _empty: This field cannot be left emptydescription =>
		 _empty: This field cannot be left empty
]
14) An error has occurred at line (17) of the document
[
	name =>
		 _empty: This field cannot be left emptydescription =>
		 _empty: This field cannot be left empty
]
15) An error has occurred at line (18) of the document
[
	name =>
		 _empty: This field cannot be left emptydescription =>
		 _empty: This field cannot be left empty
]
16) An error has occurred at line (19) of the document
[
	name =>
		 _empty: This field cannot be left emptydescription =>
		 _empty: This field cannot be left empty
]
17) An error has occurred at line (20) of the document
[
	name =>
		 _empty: This field cannot be left emptydescription =>
		 _empty: This field cannot be left empty
]
18) An error has occurred at line (21) of the document
[
	name =>
		 _empty: This field cannot be left emptydescription =>
		 _empty: This field cannot be left empty
]
19) An error has occurred at line (22) of the document
[
	name =>
		 _empty: This field cannot be left emptydescription =>
		 _empty: This field cannot be left empty
]
20) An error has occurred at line (23) of the document
[
	name =>
		 _empty: This field cannot be left emptydescription =>
		 _empty: This field cannot be left empty
]
21) An error has occurred at line (24) of the document
[
	name =>
		 _empty: This field cannot be left emptydescription =>
		 _empty: This field cannot be left empty
]
22) An error has occurred at line (25) of the document
[
	name =>
		 _empty: This field cannot be left emptydescription =>
		 _empty: This field cannot be left empty
]
23) An error has occurred at line (26) of the document
[
	name =>
		 _empty: This field cannot be left emptydescription =>
		 _empty: This field cannot be left empty
]
24) An error has occurred at line (27) of the document
[
	name =>
		 _empty: This field cannot be left emptydescription =>
		 _empty: This field cannot be left empty
]
25) An error has occurred at line (28) of the document
[
	name =>
		 _empty: This field cannot be left emptydescription =>
		 _empty: This field cannot be left empty
]
26) An error has occurred at line (29) of the document
[
	name =>
		 _empty: This field cannot be left emptydescription =>
		 _empty: This field cannot be left empty
]
27) An error has occurred at line (30) of the document
[
	name =>
		 _empty: This field cannot be left emptydescription =>
		 _empty: This field cannot be left empty
]
28) An error has occurred at line (31) of the document
[
	name =>
		 _empty: This field cannot be left emptydescription =>
		 _empty: This field cannot be left empty
]
29) An error has occurred at line (32) of the document
[
	name =>
		 _empty: This field cannot be left emptydescription =>
		 _empty: This field cannot be left empty
]
30) An error has occurred at line (33) of the document
[
	name =>
		 _empty: This field cannot be left emptydescription =>
		 _empty: This field cannot be left empty
]
31) An error has occurred at line (34) of the document
[
	name =>
		 _empty: This field cannot be left emptydescription =>
		 _empty: This field cannot be left empty
]
32) An error has occurred at line (35) of the document
[
	name =>
		 _empty: This field cannot be left emptydescription =>
		 _empty: This field cannot be left empty
]
33) An error has occurred at line (36) of the document
[
	name =>
		 _empty: This field cannot be left emptydescription =>
		 _empty: This field cannot be left empty
]
34) An error has occurred at line (37) of the document
[
	name =>
		 _empty: This field cannot be left emptydescription =>
		 _empty: This field cannot be left empty
]
35) An error has occurred at line (38) of the document
[
	name =>
		 _empty: This field cannot be left emptydescription =>
		 _empty: This field cannot be left empty
]
36) An error has occurred at line (39) of the document
[
	name =>
		 _empty: This field cannot be left emptydescription =>
		 _empty: This field cannot be left empty
]
37) An error has occurred at line (40) of the document
[
	name =>
		 _empty: This field cannot be left emptydescription =>
		 _empty: This field cannot be left empty
]
38) An error has occurred at line (41) of the document
[
	name =>
		 _empty: This field cannot be left emptydescription =>
		 _empty: This field cannot be left empty
]
39) An error has occurred at line (42) of the document
[
	name =>
		 _empty: This field cannot be left emptydescription =>
		 _empty: This field cannot be left empty
]
40) An error has occurred at line (43) of the document
[
	name =>
		 _empty: This field cannot be left emptydescription =>
		 _empty: This field cannot be left empty
]
41) An error has occurred at line (44) of the document
[
	name =>
		 _empty: This field cannot be left emptydescription =>
		 _empty: This field cannot be left empty
]
42) An error has occurred at line (45) of the document
[
	name =>
		 _empty: This field cannot be left emptydescription =>
		 _empty: This field cannot be left empty
]
43) An error has occurred at line (46) of the document
[
	name =>
		 _empty: This field cannot be left emptydescription =>
		 _empty: This field cannot be left empty
]
44) An error has occurred at line (47) of the document
[
	name =>
		 _empty: This field cannot be left emptydescription =>
		 _empty: This field cannot be left empty
]
45) An error has occurred at line (48) of the document
[
	name =>
		 _empty: This field cannot be left emptydescription =>
		 _empty: This field cannot be left empty
]
46) An error has occurred at line (49) of the document
[
	name =>
		 _empty: This field cannot be left emptydescription =>
		 _empty: This field cannot be left empty
]
47) An error has occurred at line (50) of the document
[
	name =>
		 _empty: This field cannot be left emptydescription =>
		 _empty: This field cannot be left empty
]
48) An error has occurred at line (51) of the document
[
	name =>
		 _empty: This field cannot be left emptydescription =>
		 _empty: This field cannot be left empty
]
49) An error has occurred at line (52) of the document
[
	name =>
		 _empty: This field cannot be left emptydescription =>
		 _empty: This field cannot be left empty
]
50) An error has occurred at line (53) of the document
[
	name =>
		 _empty: This field cannot be left emptydescription =>
		 _empty: This field cannot be left empty
]
51) An error has occurred at line (54) of the document
[
	name =>
		 _empty: This field cannot be left emptydescription =>
		 _empty: This field cannot be left empty
]
52) An error has occurred at line (55) of the document
[
	name =>
		 _empty: This field cannot be left emptydescription =>
		 _empty: This field cannot be left empty
]
53) An error has occurred at line (56) of the document
[
	name =>
		 _empty: This field cannot be left emptydescription =>
		 _empty: This field cannot be left empty
]
54) An error has occurred at line (57) of the document
[
	name =>
		 _empty: This field cannot be left emptydescription =>
		 _empty: This field cannot be left empty
]
55) An error has occurred at line (58) of the document
[
	name =>
		 _empty: This field cannot be left emptydescription =>
		 _empty: This field cannot be left empty
]
56) An error has occurred at line (59) of the document
[
	name =>
		 _empty: This field cannot be left emptydescription =>
		 _empty: This field cannot be left empty
]
57) An error has occurred at line (60) of the document
[
	name =>
		 _empty: This field cannot be left emptydescription =>
		 _empty: This field cannot be left empty
]
58) An error has occurred at line (61) of the document
[
	name =>
		 _empty: This field cannot be left emptydescription =>
		 _empty: This field cannot be left empty
]
59) An error has occurred at line (62) of the document
[
	name =>
		 _empty: This field cannot be left emptydescription =>
		 _empty: This field cannot be left empty
]
60) An error has occurred at line (63) of the document
[
	name =>
		 _empty: This field cannot be left emptydescription =>
		 _empty: This field cannot be left empty
]
61) An error has occurred at line (64) of the document
[
	name =>
		 _empty: This field cannot be left emptydescription =>
		 _empty: This field cannot be left empty
]
62) An error has occurred at line (65) of the document
[
	name =>
		 _empty: This field cannot be left emptydescription =>
		 _empty: This field cannot be left empty
]
63) An error has occurred at line (66) of the document
[
	name =>
		 _empty: This field cannot be left emptydescription =>
		 _empty: This field cannot be left empty
]
64) An error has occurred at line (67) of the document
[
	name =>
		 _empty: This field cannot be left emptydescription =>
		 _empty: This field cannot be left empty
]
65) An error has occurred at line (68) of the document
[
	name =>
		 _empty: This field cannot be left emptydescription =>
		 _empty: This field cannot be left empty
]
66) An error has occurred at line (69) of the document
[
	name =>
		 _empty: This field cannot be left emptydescription =>
		 _empty: This field cannot be left empty
]
67) An error has occurred at line (70) of the document
[
	name =>
		 _empty: This field cannot be left emptydescription =>
		 _empty: This field cannot be left empty
]
68) An error has occurred at line (71) of the document
[
	name =>
		 _empty: This field cannot be left emptydescription =>
		 _empty: This field cannot be left empty
]
69) An error has occurred at line (72) of the document
[
	name =>
		 _empty: This field cannot be left emptydescription =>
		 _empty: This field cannot be left empty
]
70) An error has occurred at line (73) of the document
[
	name =>
		 _empty: This field cannot be left emptydescription =>
		 _empty: This field cannot be left empty
]
71) An error has occurred at line (74) of the document
[
	name =>
		 _empty: This field cannot be left emptydescription =>
		 _empty: This field cannot be left empty
]
72) An error has occurred at line (75) of the document
[
	name =>
		 _empty: This field cannot be left emptydescription =>
		 _empty: This field cannot be left empty
]
73) An error has occurred at line (76) of the document
[
	name =>
		 _empty: This field cannot be left emptydescription =>
		 _empty: This field cannot be left empty
]
74) An error has occurred at line (77) of the document
[
	name =>
		 _empty: This field cannot be left emptydescription =>
		 _empty: This field cannot be left empty
]
75) An error has occurred at line (78) of the document
[
	name =>
		 _empty: This field cannot be left emptydescription =>
		 _empty: This field cannot be left empty
]
76) An error has occurred at line (79) of the document
[
	name =>
		 _empty: This field cannot be left emptydescription =>
		 _empty: This field cannot be left empty
]
77) An error has occurred at line (80) of the document
[
	name =>
		 _empty: This field cannot be left emptydescription =>
		 _empty: This field cannot be left empty
]
78) An error has occurred at line (81) of the document
[
	name =>
		 _empty: This field cannot be left emptydescription =>
		 _empty: This field cannot be left empty
]
79) An error has occurred at line (82) of the document
[
	name =>
		 _empty: This field cannot be left emptydescription =>
		 _empty: This field cannot be left empty
]
80) An error has occurred at line (83) of the document
[
	name =>
		 _empty: This field cannot be left emptydescription =>
		 _empty: This field cannot be left empty
]
81) An error has occurred at line (84) of the document
[
	name =>
		 _empty: This field cannot be left emptydescription =>
		 _empty: This field cannot be left empty
]
82) An error has occurred at line (85) of the document
[
	name =>
		 _empty: This field cannot be left emptydescription =>
		 _empty: This field cannot be left empty
]
83) An error has occurred at line (86) of the document
[
	name =>
		 _empty: This field cannot be left emptydescription =>
		 _empty: This field cannot be left empty
]
84) An error has occurred at line (87) of the document
[
	name =>
		 _empty: This field cannot be left emptydescription =>
		 _empty: This field cannot be left empty
]
85) An error has occurred at line (88) of the document
[
	name =>
		 _empty: This field cannot be left emptydescription =>
		 _empty: This field cannot be left empty
]
86) An error has occurred at line (89) of the document
[
	name =>
		 _empty: This field cannot be left emptydescription =>
		 _empty: This field cannot be left empty
]
87) An error has occurred at line (90) of the document
[
	name =>
		 _empty: This field cannot be left emptydescription =>
		 _empty: This field cannot be left empty
]
88) An error has occurred at line (91) of the document
[
	name =>
		 _empty: This field cannot be left emptydescription =>
		 _empty: This field cannot be left empty
]
89) An error has occurred at line (92) of the document
[
	name =>
		 _empty: This field cannot be left emptydescription =>
		 _empty: This field cannot be left empty
]
90) An error has occurred at line (93) of the document
[
	name =>
		 _empty: This field cannot be left emptydescription =>
		 _empty: This field cannot be left empty
]
91) An error has occurred at line (94) of the document
[
	name =>
		 _empty: This field cannot be left emptydescription =>
		 _empty: This field cannot be left empty
]
92) An error has occurred at line (95) of the document
[
	name =>
		 _empty: This field cannot be left emptydescription =>
		 _empty: This field cannot be left empty
]
93) An error has occurred at line (96) of the document
[
	name =>
		 _empty: This field cannot be left emptydescription =>
		 _empty: This field cannot be left empty
]
94) An error has occurred at line (97) of the document
[
	name =>
		 _empty: This field cannot be left emptydescription =>
		 _empty: This field cannot be left empty
]
95) An error has occurred at line (98) of the document
[
	name =>
		 _empty: This field cannot be left emptydescription =>
		 _empty: This field cannot be left empty
]
96) An error has occurred at line (99) of the document
[
	name =>
		 _empty: This field cannot be left emptydescription =>
		 _empty: This field cannot be left empty
]
97) An error has occurred at line (100) of the document
[
	name =>
		 _empty: This field cannot be left emptydescription =>
		 _empty: This field cannot be left empty
]
98) An error has occurred at line (101) of the document
[
	name =>
		 _empty: This field cannot be left emptydescription =>
		 _empty: This field cannot be left empty
]
99) An error has occurred at line (102) of the document
[
	name =>
		 _empty: This field cannot be left emptydescription =>
		 _empty: This field cannot be left empty
]
100) An error has occurred at line (103) of the document
[
	name =>
		 _empty: This field cannot be left emptydescription =>
		 _empty: This field cannot be left empty
]
101) An error has occurred at line (104) of the document
[
	name =>
		 _empty: This field cannot be left emptydescription =>
		 _empty: This field cannot be left empty
]
102) An error has occurred at line (105) of the document
[
	name =>
		 _empty: This field cannot be left emptydescription =>
		 _empty: This field cannot be left empty
]
103) An error has occurred at line (106) of the document
[
	name =>
		 _empty: This field cannot be left emptydescription =>
		 _empty: This field cannot be left empty
]
104) An error has occurred at line (107) of the document
[
	name =>
		 _empty: This field cannot be left emptydescription =>
		 _empty: This field cannot be left empty
]
105) An error has occurred at line (108) of the document
[
	name =>
		 _empty: This field cannot be left emptydescription =>
		 _empty: This field cannot be left empty
]
106) An error has occurred at line (109) of the document
[
	name =>
		 _empty: This field cannot be left emptydescription =>
		 _empty: This field cannot be left empty
]
107) An error has occurred at line (110) of the document
[
	name =>
		 _empty: This field cannot be left emptydescription =>
		 _empty: This field cannot be left empty
]
108) An error has occurred at line (111) of the document
[
	name =>
		 _empty: This field cannot be left emptydescription =>
		 _empty: This field cannot be left empty
]
109) An error has occurred at line (112) of the document
[
	name =>
		 _empty: This field cannot be left emptydescription =>
		 _empty: This field cannot be left empty
]
110) An error has occurred at line (113) of the document
[
	name =>
		 _empty: This field cannot be left emptydescription =>
		 _empty: This field cannot be left empty
]
111) An error has occurred at line (114) of the document
[
	name =>
		 _empty: This field cannot be left emptydescription =>
		 _empty: This field cannot be left empty
]
112) An error has occurred at line (115) of the document
[
	name =>
		 _empty: This field cannot be left emptydescription =>
		 _empty: This field cannot be left empty
]
113) An error has occurred at line (116) of the document
[
	name =>
		 _empty: This field cannot be left emptydescription =>
		 _empty: This field cannot be left empty
]
114) An error has occurred at line (117) of the document
[
	name =>
		 _empty: This field cannot be left emptydescription =>
		 _empty: This field cannot be left empty
]
115) An error has occurred at line (118) of the document
[
	name =>
		 _empty: This field cannot be left emptydescription =>
		 _empty: This field cannot be left empty
]
116) An error has occurred at line (119) of the document
[
	name =>
		 _empty: This field cannot be left emptydescription =>
		 _empty: This field cannot be left empty
]
117) An error has occurred at line (120) of the document
[
	name =>
		 _empty: This field cannot be left emptydescription =>
		 _empty: This field cannot be left empty
]
118) An error has occurred at line (121) of the document
[
	name =>
		 _empty: This field cannot be left emptydescription =>
		 _empty: This field cannot be left empty
]
119) An error has occurred at line (122) of the document
[
	name =>
		 _empty: This field cannot be left emptydescription =>
		 _empty: This field cannot be left empty
]
120) An error has occurred at line (123) of the document
[
	name =>
		 _empty: This field cannot be left emptydescription =>
		 _empty: This field cannot be left empty
]
121) An error has occurred at line (124) of the document
[
	name =>
		 _empty: This field cannot be left emptydescription =>
		 _empty: This field cannot be left empty
]
122) An error has occurred at line (125) of the document
[
	name =>
		 _empty: This field cannot be left emptydescription =>
		 _empty: This field cannot be left empty
]
123) An error has occurred at line (126) of the document
[
	name =>
		 _empty: This field cannot be left emptydescription =>
		 _empty: This field cannot be left empty
]
124) An error has occurred at line (127) of the document
[
	name =>
		 _empty: This field cannot be left emptydescription =>
		 _empty: This field cannot be left empty
]
125) An error has occurred at line (128) of the document
[
	name =>
		 _empty: This field cannot be left emptydescription =>
		 _empty: This field cannot be left empty
]
126) An error has occurred at line (129) of the document
[
	name =>
		 _empty: This field cannot be left emptydescription =>
		 _empty: This field cannot be left empty
]
127) An error has occurred at line (130) of the document
[
	name =>
		 _empty: This field cannot be left emptydescription =>
		 _empty: This field cannot be left empty
]
128) An error has occurred at line (131) of the document
[
	name =>
		 _empty: This field cannot be left emptydescription =>
		 _empty: This field cannot be left empty
]
129) An error has occurred at line (132) of the document
[
	name =>
		 _empty: This field cannot be left emptydescription =>
		 _empty: This field cannot be left empty
]
130) An error has occurred at line (133) of the document
[
	name =>
		 _empty: This field cannot be left emptydescription =>
		 _empty: This field cannot be left empty
]
131) An error has occurred at line (134) of the document
[
	name =>
		 _empty: This field cannot be left emptydescription =>
		 _empty: This field cannot be left empty
]
132) An error has occurred at line (135) of the document
[
	name =>
		 _empty: This field cannot be left emptydescription =>
		 _empty: This field cannot be left empty
]

2020-03-09 10:36:10 Error: File is too small.
2020-03-09 10:50:49 Error: SQLSTATE[23000]: Integrity constraint violation: 1452 Cannot add or update a child row: a foreign key constraint fails (`plexadas_project_management`.`risk_issues`, CONSTRAINT `risk_issue_ibfk_3` FOREIGN KEY (`status_id`) REFERENCES `lov` (`id`) ON DELETE CASCADE ON UPDATE CASCADE)
2020-03-09 10:51:26 Error: SQLSTATE[23000]: Integrity constraint violation: 1452 Cannot add or update a child row: a foreign key constraint fails (`plexadas_project_management`.`risk_issues`, CONSTRAINT `risk_issue_ibfk_3` FOREIGN KEY (`status_id`) REFERENCES `lov` (`id`) ON DELETE CASCADE ON UPDATE CASCADE)
2020-03-09 11:24:46 Error: SQLSTATE[23000]: Integrity constraint violation: 1452 Cannot add or update a child row: a foreign key constraint fails (`plexadas_project_management`.`risk_issues`, CONSTRAINT `risk_issue_ibfk_3` FOREIGN KEY (`status_id`) REFERENCES `lov` (`id`) ON DELETE CASCADE ON UPDATE CASCADE)
2020-03-09 11:31:57 Error: SQLSTATE[23000]: Integrity constraint violation: 1452 Cannot add or update a child row: a foreign key constraint fails (`plexadas_project_management`.`risk_issues`, CONSTRAINT `risk_issue_ibfk_3` FOREIGN KEY (`status_id`) REFERENCES `lov` (`id`) ON DELETE CASCADE ON UPDATE CASCADE)
2020-03-09 11:32:38 Error: SQLSTATE[23000]: Integrity constraint violation: 1452 Cannot add or update a child row: a foreign key constraint fails (`plexadas_project_management`.`risk_issues`, CONSTRAINT `risk_issue_ibfk_3` FOREIGN KEY (`status_id`) REFERENCES `lov` (`id`) ON DELETE CASCADE ON UPDATE CASCADE)
